mode: set
gin-bmg-restful/services/user/member_service.go:21.72,26.2 1 1
gin-bmg-restful/services/user/member_service.go:30.89,33.16 2 1
gin-bmg-restful/services/user/member_service.go:37.2,39.27 3 1
gin-bmg-restful/services/user/member_service.go:33.16,35.3 1 1
gin-bmg-restful/services/user/member_service.go:44.73,46.16 2 1
gin-bmg-restful/services/user/member_service.go:50.2,52.26 3 1
gin-bmg-restful/services/user/member_service.go:46.16,48.3 1 1
gin-bmg-restful/services/user/member_service.go:56.108,61.28 3 1
gin-bmg-restful/services/user/member_service.go:66.2,67.16 2 1
gin-bmg-restful/services/user/member_service.go:71.2,74.26 4 1
gin-bmg-restful/services/user/member_service.go:61.28,64.3 2 1
gin-bmg-restful/services/user/member_service.go:67.16,69.3 1 0
gin-bmg-restful/services/user/member_service.go:79.112,81.16 2 1
gin-bmg-restful/services/user/member_service.go:85.2,86.16 2 1
gin-bmg-restful/services/user/member_service.go:92.2,92.32 1 1
gin-bmg-restful/services/user/member_service.go:99.2,101.27 3 1
gin-bmg-restful/services/user/member_service.go:81.16,83.3 1 0
gin-bmg-restful/services/user/member_service.go:86.16,91.3 1 0
gin-bmg-restful/services/user/member_service.go:92.32,97.3 1 1
gin-bmg-restful/repositories/user/member_repository.go:18.45,22.2 1 1
gin-bmg-restful/repositories/user/member_repository.go:28.85,33.33 3 1
gin-bmg-restful/repositories/user/member_repository.go:38.2,39.21 2 1
gin-bmg-restful/repositories/user/member_repository.go:43.2,43.19 1 1
gin-bmg-restful/repositories/user/member_repository.go:33.33,35.3 1 1
gin-bmg-restful/repositories/user/member_repository.go:39.21,41.3 1 0
gin-bmg-restful/repositories/user/member_repository.go:48.68,51.26 3 1
gin-bmg-restful/repositories/user/member_repository.go:56.2,56.18 1 1
gin-bmg-restful/repositories/user/member_repository.go:51.26,53.3 1 0
gin-bmg-restful/repositories/user/member_repository.go:53.8,53.28 1 1
gin-bmg-restful/repositories/user/member_repository.go:53.28,55.3 1 0
gin-bmg-restful/repositories/user/member_repository.go:61.74,64.26 3 1
gin-bmg-restful/repositories/user/member_repository.go:69.2,69.18 1 1
gin-bmg-restful/repositories/user/member_repository.go:64.26,66.3 1 0
gin-bmg-restful/repositories/user/member_repository.go:66.8,66.28 1 1
gin-bmg-restful/repositories/user/member_repository.go:66.28,68.3 1 0
gin-bmg-restful/repositories/user/member_repository.go:74.72,76.21 2 1
gin-bmg-restful/repositories/user/member_repository.go:79.2,79.18 1 1
gin-bmg-restful/repositories/user/member_repository.go:76.21,78.3 1 0
gin-bmg-restful/repositories/user/member_repository.go:84.89,86.21 2 1
gin-bmg-restful/repositories/user/member_repository.go:89.2,89.18 1 1
gin-bmg-restful/repositories/user/member_repository.go:86.21,88.3 1 0
gin-bmg-restful/repositories/user/member_repository.go:93.54,95.21 2 1
gin-bmg-restful/repositories/user/member_repository.go:98.2,98.12 1 1
gin-bmg-restful/repositories/user/member_repository.go:95.21,97.3 1 0
gin-bmg-restful/services/auth/auth_service.go:23.72,28.2 1 1
gin-bmg-restful/services/auth/auth_service.go:32.87,35.16 2 1
gin-bmg-restful/services/auth/auth_service.go:40.2,41.16 2 1
gin-bmg-restful/services/auth/auth_service.go:49.2,50.28 2 1
gin-bmg-restful/services/auth/auth_service.go:58.2,65.8 4 1
gin-bmg-restful/services/auth/auth_service.go:35.16,37.3 1 0
gin-bmg-restful/services/auth/auth_service.go:41.16,46.3 1 0
gin-bmg-restful/services/auth/auth_service.go:50.28,55.3 1 0
gin-bmg-restful/services/auth/auth_service.go:69.86,72.16 2 1
gin-bmg-restful/services/auth/auth_service.go:77.2,87.16 7 1
gin-bmg-restful/services/auth/auth_service.go:94.2,101.8 4 1
gin-bmg-restful/services/auth/auth_service.go:72.16,74.3 1 1
gin-bmg-restful/services/auth/auth_service.go:87.16,89.3 1 0
gin-bmg-restful/services/auth/auth_service.go:105.85,109.16 2 1
gin-bmg-restful/services/auth/auth_service.go:117.2,123.8 3 1
gin-bmg-restful/services/auth/auth_service.go:109.16,114.3 1 0
